Using pre-set license
Built from '2020.3/china_unity/release' branch; Version is '2020.3.11f1c1 (77449f27ef9b) revision 7816351'; Using compiler version '192528614'; Build Type 'Release'
OS: 'Windows 10 Home China; OS build 19042.1165; Version 2009; 64bit' Language: 'zh' Physical Memory: 15681 MB
BatchMode: 1, IsHumanControllingUs: 0, StartBugReporterOnCrash: 0, Is64bit: 1, IsPro: 0

 COMMAND LINE ARGUMENTS:
C:\Program Files\Unity\Hub\Editor\2020.3.11f1c1\Editor\Unity.exe
-adb2
-batchMode
-noUpm
-name
AssetImportWorker0
-projectPath
C:/Users/Angel/Desktop/Work/Unity/p3/p3
-logFile
Logs/AssetImportWorker0.log
-srvPort
60159
Successfully changed project path to: C:/Users/Angel/Desktop/Work/Unity/p3/p3
C:/Users/Angel/Desktop/Work/Unity/p3/p3
Using Asset Import Pipeline V2.
Refreshing native plugins compatible for Editor in 70.25 ms, found 2 plugins.
Preloading 0 native plugins for Editor in 0.00 ms.
Initialize engine version: 2020.3.11f1c1 (77449f27ef9b)
[Subsystems] Discovering subsystems at path C:/Program Files/Unity/Hub/Editor/2020.3.11f1c1/Editor/Data/Resources/UnitySubsystems
[Subsystems] Discovering subsystems at path C:/Users/Angel/Desktop/Work/Unity/p3/p3/Assets
GfxDevice: creating device client; threaded=0
Direct3D:
    Version:  Direct3D 11.0 [level 11.1]
    Renderer: AMD Radeon(TM) Graphics (ID=0x1638)
    Vendor:   
    VRAM:     7840 MB
    Driver:   27.20.14040.7001
Initialize mono
Mono path[0] = 'C:/Program Files/Unity/Hub/Editor/2020.3.11f1c1/Editor/Data/Managed'
Mono path[1] = 'C:/Program Files/Unity/Hub/Editor/2020.3.11f1c1/Editor/Data/MonoBleedingEdge/lib/mono/unityjit'
Mono config path = 'C:/Program Files/Unity/Hub/Editor/2020.3.11f1c1/Editor/Data/MonoBleedingEdge/etc'
Using monoOptions --debugger-agent=transport=dt_socket,embedding=1,server=y,suspend=n,address=127.0.0.1:56124
Begin MonoManager ReloadAssembly
Registering precompiled unity dll's ...
Register platform support module: C:/Program Files/Unity/Hub/Editor/2020.3.11f1c1/Editor/Data/PlaybackEngines/WindowsStandaloneSupport/UnityEditor.WindowsStandalone.Extensions.dll
Registered in 0.004126 seconds.
Native extension for WindowsStandalone target not found
Refreshing native plugins compatible for Editor in 64.35 ms, found 2 plugins.
Preloading 0 native plugins for Editor in 0.00 ms.
Mono: successfully reloaded assembly
- Completed reload, in  3.511 seconds
Platform modules already initialized, skipping
Registering precompiled user dll's ...
Registered in 0.007051 seconds.
Begin MonoManager ReloadAssembly
Native extension for WindowsStandalone target not found
Refreshing native plugins compatible for Editor in 0.73 ms, found 2 plugins.
Preloading 0 native plugins for Editor in 0.00 ms.
Mono: successfully reloaded assembly
- Completed reload, in  2.017 seconds
Platform modules already initialized, skipping
========================================================================
Worker process is ready to serve import requests
Launched and connected shader compiler UnityShaderCompiler.exe after 0.08 seconds
Refreshing native plugins compatible for Editor in 0.60 ms, found 2 plugins.
Preloading 0 native plugins for Editor in 0.00 ms.
Unloading 1390 Unused Serialized files (Serialized files now loaded: 0)
System memory in use before: 67.7 MB.
System memory in use after: 67.7 MB.

Unloading 18 unused Assets to reduce memory usage. Loaded Objects now: 1825.
Total: 3.385000 ms (FindLiveObjects: 0.267300 ms CreateObjectMapping: 0.077300 ms MarkObjects: 2.933500 ms  DeleteObjects: 0.105200 ms)

========================================================================
Received Import Request.
  path: Assets/Scenes
  artifactKey: Guid(d87aaae86e0d3014c9da2c19b3234579) Importer(815301076,1909f56bfc062723c751e8b465ee728b)
Start importing Assets/Scenes using Guid(d87aaae86e0d3014c9da2c19b3234579) Importer(815301076,1909f56bfc062723c751e8b465ee728b)  -> (artifact id: '2eca63f856c5cacfe191585909ab73d5') in 0.015077 seconds
  Import took 0.019073 seconds .

========================================================================
Received Import Request.
  Time since last request: 96.129876 seconds.
  path: Assets/Scripts/RepeatBackground.cs
  artifactKey: Guid(14fa5391bb2d7fa4c94f9599d1579023) Importer(815301076,1909f56bfc062723c751e8b465ee728b)
Start importing Assets/Scripts/RepeatBackground.cs using Guid(14fa5391bb2d7fa4c94f9599d1579023) Importer(815301076,1909f56bfc062723c751e8b465ee728b)  -> (artifact id: '8c17c37ee8f0d0fc4abd92cbac125838') in 0.049331 seconds
  Import took 0.053590 seconds .

========================================================================
Received Import Request.
  Time since last request: 0.008318 seconds.
  path: Assets/Scripts/RepeatBackground.cs
  artifactKey: Guid(14fa5391bb2d7fa4c94f9599d1579023) Importer(815301076,1909f56bfc062723c751e8b465ee728b)
Start importing Assets/Scripts/RepeatBackground.cs using Guid(14fa5391bb2d7fa4c94f9599d1579023) Importer(815301076,1909f56bfc062723c751e8b465ee728b)  -> (artifact id: '8c17c37ee8f0d0fc4abd92cbac125838') in 0.005979 seconds
  Import took 0.010655 seconds .

========================================================================
Received Prepare
Registering precompiled user dll's ...
Registered in 0.007984 seconds.
Begin MonoManager ReloadAssembly
Native extension for WindowsStandalone target not found
Refreshing native plugins compatible for Editor in 0.54 ms, found 2 plugins.
Preloading 0 native plugins for Editor in 0.00 ms.
Mono: successfully reloaded assembly
- Completed reload, in  1.882 seconds
Platform modules already initialized, skipping
Refreshing native plugins compatible for Editor in 0.58 ms, found 2 plugins.
Preloading 0 native plugins for Editor in 0.00 ms.
Unloading 1384 Unused Serialized files (Serialized files now loaded: 0)
System memory in use before: 67.4 MB.
System memory in use after: 67.5 MB.

Unloading 13 unused Assets to reduce memory usage. Loaded Objects now: 1829.
Total: 3.568600 ms (FindLiveObjects: 0.231600 ms CreateObjectMapping: 0.058700 ms MarkObjects: 3.237400 ms  DeleteObjects: 0.039000 ms)

========================================================================
Received Prepare
Registering precompiled user dll's ...
Registered in 0.003016 seconds.
Begin MonoManager ReloadAssembly
Native extension for WindowsStandalone target not found
Refreshing native plugins compatible for Editor in 0.66 ms, found 2 plugins.
Preloading 0 native plugins for Editor in 0.00 ms.
Mono: successfully reloaded assembly
- Completed reload, in  0.810 seconds
Platform modules already initialized, skipping
Refreshing native plugins compatible for Editor in 0.35 ms, found 2 plugins.
Preloading 0 native plugins for Editor in 0.00 ms.
Unloading 1384 Unused Serialized files (Serialized files now loaded: 0)
System memory in use before: 67.5 MB.
System memory in use after: 67.6 MB.

Unloading 13 unused Assets to reduce memory usage. Loaded Objects now: 1832.
Total: 1.828700 ms (FindLiveObjects: 0.163600 ms CreateObjectMapping: 0.030600 ms MarkObjects: 1.615600 ms  DeleteObjects: 0.017900 ms)

========================================================================
Received Import Request.
  Time since last request: 523.222566 seconds.
  path: Assets/Scripts/RepeatBackground.cs
  artifactKey: Guid(14fa5391bb2d7fa4c94f9599d1579023) Importer(815301076,1909f56bfc062723c751e8b465ee728b)
Start importing Assets/Scripts/RepeatBackground.cs using Guid(14fa5391bb2d7fa4c94f9599d1579023) Importer(815301076,1909f56bfc062723c751e8b465ee728b)  -> (artifact id: 'f078e65a35485f1235212f299e6f7c20') in 0.008455 seconds
  Import took 0.051640 seconds .

========================================================================
Received Import Request.
  Time since last request: 1.075249 seconds.
  path: Assets/Scripts/RepeatBackground.cs
  artifactKey: Guid(14fa5391bb2d7fa4c94f9599d1579023) Importer(815301076,1909f56bfc062723c751e8b465ee728b)
Start importing Assets/Scripts/RepeatBackground.cs using Guid(14fa5391bb2d7fa4c94f9599d1579023) Importer(815301076,1909f56bfc062723c751e8b465ee728b)  -> (artifact id: 'f078e65a35485f1235212f299e6f7c20') in 0.002374 seconds
  Import took 0.004834 seconds .

========================================================================
Received Prepare
Registering precompiled user dll's ...
Registered in 0.002993 seconds.
Begin MonoManager ReloadAssembly
Native extension for WindowsStandalone target not found
Refreshing native plugins compatible for Editor in 0.39 ms, found 2 plugins.
Preloading 0 native plugins for Editor in 0.00 ms.
Mono: successfully reloaded assembly
- Completed reload, in  0.721 seconds
Platform modules already initialized, skipping
Refreshing native plugins compatible for Editor in 0.42 ms, found 2 plugins.
Preloading 0 native plugins for Editor in 0.00 ms.
Unloading 1384 Unused Serialized files (Serialized files now loaded: 0)
System memory in use before: 67.5 MB.
System memory in use after: 67.6 MB.

Unloading 13 unused Assets to reduce memory usage. Loaded Objects now: 1835.
Total: 2.366200 ms (FindLiveObjects: 0.167600 ms CreateObjectMapping: 0.052200 ms MarkObjects: 2.130100 ms  DeleteObjects: 0.015500 ms)

========================================================================
Received Prepare
Registering precompiled user dll's ...
Registered in 0.003805 seconds.
Begin MonoManager ReloadAssembly
Native extension for WindowsStandalone target not found
Refreshing native plugins compatible for Editor in 0.39 ms, found 2 plugins.
Preloading 0 native plugins for Editor in 0.00 ms.
Mono: successfully reloaded assembly
- Completed reload, in  0.731 seconds
Platform modules already initialized, skipping
Refreshing native plugins compatible for Editor in 0.38 ms, found 2 plugins.
Preloading 0 native plugins for Editor in 0.00 ms.
Unloading 1384 Unused Serialized files (Serialized files now loaded: 0)
System memory in use before: 67.5 MB.
System memory in use after: 67.6 MB.

Unloading 13 unused Assets to reduce memory usage. Loaded Objects now: 1838.
Total: 1.738400 ms (FindLiveObjects: 0.156000 ms CreateObjectMapping: 0.030400 ms MarkObjects: 1.535600 ms  DeleteObjects: 0.015400 ms)

========================================================================
Received Import Request.
  Time since last request: 45.829543 seconds.
  path: Assets/Scripts/RepeatBackground.cs
  artifactKey: Guid(14fa5391bb2d7fa4c94f9599d1579023) Importer(815301076,1909f56bfc062723c751e8b465ee728b)
Start importing Assets/Scripts/RepeatBackground.cs using Guid(14fa5391bb2d7fa4c94f9599d1579023) Importer(815301076,1909f56bfc062723c751e8b465ee728b)  -> (artifact id: '0769db2f9e530b313d96eba0355e1cbd') in 0.005824 seconds
  Import took 0.008045 seconds .

========================================================================
Received Import Request.
  Time since last request: 0.010034 seconds.
  path: Assets/Scripts/RepeatBackground.cs
  artifactKey: Guid(14fa5391bb2d7fa4c94f9599d1579023) Importer(815301076,1909f56bfc062723c751e8b465ee728b)
Start importing Assets/Scripts/RepeatBackground.cs using Guid(14fa5391bb2d7fa4c94f9599d1579023) Importer(815301076,1909f56bfc062723c751e8b465ee728b)  -> (artifact id: '0769db2f9e530b313d96eba0355e1cbd') in 0.002595 seconds
  Import took 0.005028 seconds .

========================================================================
Received Prepare
Registering precompiled user dll's ...
Registered in 0.003866 seconds.
Begin MonoManager ReloadAssembly
Native extension for WindowsStandalone target not found
Refreshing native plugins compatible for Editor in 0.90 ms, found 2 plugins.
Preloading 0 native plugins for Editor in 0.00 ms.
Mono: successfully reloaded assembly
- Completed reload, in  1.084 seconds
Platform modules already initialized, skipping
Refreshing native plugins compatible for Editor in 0.73 ms, found 2 plugins.
Preloading 0 native plugins for Editor in 0.00 ms.
Unloading 1384 Unused Serialized files (Serialized files now loaded: 0)
System memory in use before: 67.5 MB.
System memory in use after: 67.6 MB.

Unloading 13 unused Assets to reduce memory usage. Loaded Objects now: 1841.
Total: 3.473300 ms (FindLiveObjects: 0.363300 ms CreateObjectMapping: 0.049000 ms MarkObjects: 3.035400 ms  DeleteObjects: 0.023400 ms)

========================================================================
Received Prepare
Registering precompiled user dll's ...
Registered in 0.002966 seconds.
Begin MonoManager ReloadAssembly
Native extension for WindowsStandalone target not found
Refreshing native plugins compatible for Editor in 0.39 ms, found 2 plugins.
Preloading 0 native plugins for Editor in 0.00 ms.
Mono: successfully reloaded assembly
- Completed reload, in  0.741 seconds
Platform modules already initialized, skipping
Refreshing native plugins compatible for Editor in 0.39 ms, found 2 plugins.
Preloading 0 native plugins for Editor in 0.00 ms.
Unloading 1384 Unused Serialized files (Serialized files now loaded: 0)
System memory in use before: 67.5 MB.
System memory in use after: 67.6 MB.

Unloading 13 unused Assets to reduce memory usage. Loaded Objects now: 1844.
Total: 2.213700 ms (FindLiveObjects: 0.161400 ms CreateObjectMapping: 0.030900 ms MarkObjects: 2.001100 ms  DeleteObjects: 0.018800 ms)

========================================================================
Received Import Request.
  Time since last request: 12.878177 seconds.
  path: Assets/Scripts/RepeatBackground.cs
  artifactKey: Guid(14fa5391bb2d7fa4c94f9599d1579023) Importer(815301076,1909f56bfc062723c751e8b465ee728b)
Start importing Assets/Scripts/RepeatBackground.cs using Guid(14fa5391bb2d7fa4c94f9599d1579023) Importer(815301076,1909f56bfc062723c751e8b465ee728b)  -> (artifact id: '23c644d5ed0d56d61bc645de126f6f18') in 0.004992 seconds
  Import took 0.008103 seconds .

========================================================================
Received Prepare
Registering precompiled user dll's ...
Registered in 0.003043 seconds.
Begin MonoManager ReloadAssembly
Native extension for WindowsStandalone target not found
Refreshing native plugins compatible for Editor in 0.36 ms, found 2 plugins.
Preloading 0 native plugins for Editor in 0.00 ms.
Mono: successfully reloaded assembly
- Completed reload, in  0.733 seconds
Platform modules already initialized, skipping
Refreshing native plugins compatible for Editor in 0.43 ms, found 2 plugins.
Preloading 0 native plugins for Editor in 0.00 ms.
Unloading 1384 Unused Serialized files (Serialized files now loaded: 0)
System memory in use before: 67.5 MB.
System memory in use after: 67.6 MB.

Unloading 13 unused Assets to reduce memory usage. Loaded Objects now: 1847.
Total: 2.126300 ms (FindLiveObjects: 0.199600 ms CreateObjectMapping: 0.035700 ms MarkObjects: 1.874800 ms  DeleteObjects: 0.015000 ms)

========================================================================
Received Import Request.
  Time since last request: 17.862788 seconds.
  path: Assets/Scripts/RepeatBackground.cs
  artifactKey: Guid(14fa5391bb2d7fa4c94f9599d1579023) Importer(815301076,1909f56bfc062723c751e8b465ee728b)
Start importing Assets/Scripts/RepeatBackground.cs using Guid(14fa5391bb2d7fa4c94f9599d1579023) Importer(815301076,1909f56bfc062723c751e8b465ee728b)  -> (artifact id: '036034ad2dc15e8f59cb2bab061bf4db') in 0.005057 seconds
  Import took 0.007570 seconds .

========================================================================
Received Import Request.
  Time since last request: 1.256169 seconds.
  path: Assets/Scripts/RepeatBackground.cs
  artifactKey: Guid(14fa5391bb2d7fa4c94f9599d1579023) Importer(815301076,1909f56bfc062723c751e8b465ee728b)
Start importing Assets/Scripts/RepeatBackground.cs using Guid(14fa5391bb2d7fa4c94f9599d1579023) Importer(815301076,1909f56bfc062723c751e8b465ee728b)  -> (artifact id: '036034ad2dc15e8f59cb2bab061bf4db') in 0.002918 seconds
  Import took 0.005786 seconds .

========================================================================
Received Prepare
Registering precompiled user dll's ...
Registered in 0.004057 seconds.
Begin MonoManager ReloadAssembly
Native extension for WindowsStandalone target not found
Refreshing native plugins compatible for Editor in 0.38 ms, found 2 plugins.
Preloading 0 native plugins for Editor in 0.00 ms.
Mono: successfully reloaded assembly
- Completed reload, in  0.768 seconds
Platform modules already initialized, skipping
Refreshing native plugins compatible for Editor in 0.36 ms, found 2 plugins.
Preloading 0 native plugins for Editor in 0.00 ms.
Unloading 1384 Unused Serialized files (Serialized files now loaded: 0)
System memory in use before: 67.5 MB.
System memory in use after: 67.6 MB.

Unloading 13 unused Assets to reduce memory usage. Loaded Objects now: 1850.
Total: 1.824900 ms (FindLiveObjects: 0.159000 ms CreateObjectMapping: 0.031900 ms MarkObjects: 1.618300 ms  DeleteObjects: 0.014300 ms)

========================================================================
Received Import Request.
  Time since last request: 23.045189 seconds.
  path: Assets/Scripts/RepeatBackground.cs
  artifactKey: Guid(14fa5391bb2d7fa4c94f9599d1579023) Importer(815301076,1909f56bfc062723c751e8b465ee728b)
Start importing Assets/Scripts/RepeatBackground.cs using Guid(14fa5391bb2d7fa4c94f9599d1579023) Importer(815301076,1909f56bfc062723c751e8b465ee728b)  -> (artifact id: '0a415faf76dedee77835ff882d4c82a8') in 0.004291 seconds
  Import took 0.006765 seconds .

========================================================================
Received Import Request.
  Time since last request: 1.121854 seconds.
  path: Assets/Scripts/RepeatBackground.cs
  artifactKey: Guid(14fa5391bb2d7fa4c94f9599d1579023) Importer(815301076,1909f56bfc062723c751e8b465ee728b)
Start importing Assets/Scripts/RepeatBackground.cs using Guid(14fa5391bb2d7fa4c94f9599d1579023) Importer(815301076,1909f56bfc062723c751e8b465ee728b)  -> (artifact id: '0a415faf76dedee77835ff882d4c82a8') in 0.002093 seconds
  Import took 0.004429 seconds .

========================================================================
Received Prepare
Registering precompiled user dll's ...
Registered in 0.003546 seconds.
Begin MonoManager ReloadAssembly
Native extension for WindowsStandalone target not found
Refreshing native plugins compatible for Editor in 0.64 ms, found 2 plugins.
Preloading 0 native plugins for Editor in 0.00 ms.
Mono: successfully reloaded assembly
- Completed reload, in  1.174 seconds
Platform modules already initialized, skipping
Refreshing native plugins compatible for Editor in 0.56 ms, found 2 plugins.
Preloading 0 native plugins for Editor in 0.00 ms.
Unloading 1384 Unused Serialized files (Serialized files now loaded: 0)
System memory in use before: 67.5 MB.
System memory in use after: 67.6 MB.

Unloading 13 unused Assets to reduce memory usage. Loaded Objects now: 1853.
Total: 3.854100 ms (FindLiveObjects: 0.212700 ms CreateObjectMapping: 0.042700 ms MarkObjects: 3.558200 ms  DeleteObjects: 0.038700 ms)

========================================================================
Received Prepare
Registering precompiled user dll's ...
Registered in 0.003529 seconds.
Begin MonoManager ReloadAssembly
Native extension for WindowsStandalone target not found
Refreshing native plugins compatible for Editor in 0.37 ms, found 2 plugins.
Preloading 0 native plugins for Editor in 0.00 ms.
Mono: successfully reloaded assembly
- Completed reload, in  0.767 seconds
Platform modules already initialized, skipping
Refreshing native plugins compatible for Editor in 0.76 ms, found 2 plugins.
Preloading 0 native plugins for Editor in 0.00 ms.
Unloading 1384 Unused Serialized files (Serialized files now loaded: 0)
System memory in use before: 67.5 MB.
System memory in use after: 67.6 MB.

Unloading 13 unused Assets to reduce memory usage. Loaded Objects now: 1856.
Total: 1.810100 ms (FindLiveObjects: 0.157800 ms CreateObjectMapping: 0.036600 ms MarkObjects: 1.599000 ms  DeleteObjects: 0.015800 ms)

========================================================================
Received Prepare
Registering precompiled user dll's ...
Registered in 0.003683 seconds.
Begin MonoManager ReloadAssembly
Native extension for WindowsStandalone target not found
Refreshing native plugins compatible for Editor in 0.41 ms, found 2 plugins.
Preloading 0 native plugins for Editor in 0.00 ms.
Mono: successfully reloaded assembly
- Completed reload, in  0.787 seconds
Platform modules already initialized, skipping
Refreshing native plugins compatible for Editor in 0.37 ms, found 2 plugins.
Preloading 0 native plugins for Editor in 0.00 ms.
Unloading 1384 Unused Serialized files (Serialized files now loaded: 0)
System memory in use before: 67.5 MB.
System memory in use after: 67.6 MB.

Unloading 13 unused Assets to reduce memory usage. Loaded Objects now: 1859.
Total: 1.896400 ms (FindLiveObjects: 0.174200 ms CreateObjectMapping: 0.039700 ms MarkObjects: 1.664400 ms  DeleteObjects: 0.016900 ms)

========================================================================
Received Import Request.
  Time since last request: 31.570185 seconds.
  path: Assets/Scripts/RepeatBackground.cs
  artifactKey: Guid(14fa5391bb2d7fa4c94f9599d1579023) Importer(815301076,1909f56bfc062723c751e8b465ee728b)
Start importing Assets/Scripts/RepeatBackground.cs using Guid(14fa5391bb2d7fa4c94f9599d1579023) Importer(815301076,1909f56bfc062723c751e8b465ee728b)  -> (artifact id: 'f58d9aa31ec4da7fcedf7ecda4d8bb9a') in 0.005006 seconds
  Import took 0.007995 seconds .

========================================================================
Received Import Request.
  Time since last request: 1.082470 seconds.
  path: Assets/Scripts/RepeatBackground.cs
  artifactKey: Guid(14fa5391bb2d7fa4c94f9599d1579023) Importer(815301076,1909f56bfc062723c751e8b465ee728b)
Start importing Assets/Scripts/RepeatBackground.cs using Guid(14fa5391bb2d7fa4c94f9599d1579023) Importer(815301076,1909f56bfc062723c751e8b465ee728b)  -> (artifact id: 'f58d9aa31ec4da7fcedf7ecda4d8bb9a') in 0.002169 seconds
  Import took 0.004394 seconds .

========================================================================
Received Prepare
Registering precompiled user dll's ...
Registered in 0.003132 seconds.
Begin MonoManager ReloadAssembly
Native extension for WindowsStandalone target not found
Refreshing native plugins compatible for Editor in 0.41 ms, found 2 plugins.
Preloading 0 native plugins for Editor in 0.00 ms.
Mono: successfully reloaded assembly
- Completed reload, in  0.806 seconds
Platform modules already initialized, skipping
Refreshing native plugins compatible for Editor in 0.40 ms, found 2 plugins.
Preloading 0 native plugins for Editor in 0.00 ms.
Unloading 1384 Unused Serialized files (Serialized files now loaded: 0)
System memory in use before: 67.5 MB.
System memory in use after: 67.6 MB.

Unloading 13 unused Assets to reduce memory usage. Loaded Objects now: 1862.
Total: 2.062100 ms (FindLiveObjects: 0.172700 ms CreateObjectMapping: 0.040000 ms MarkObjects: 1.827900 ms  DeleteObjects: 0.020100 ms)

========================================================================
Received Import Request.
  Time since last request: 35.175398 seconds.
  path: Assets/Scripts/RepeatBackground.cs
  artifactKey: Guid(14fa5391bb2d7fa4c94f9599d1579023) Importer(815301076,1909f56bfc062723c751e8b465ee728b)
Start importing Assets/Scripts/RepeatBackground.cs using Guid(14fa5391bb2d7fa4c94f9599d1579023) Importer(815301076,1909f56bfc062723c751e8b465ee728b)  -> (artifact id: 'f62edac226881c855f14e304d08fa115') in 0.004961 seconds
  Import took 0.046681 seconds .

========================================================================
Received Import Request.
  Time since last request: 1.079238 seconds.
  path: Assets/Scripts/RepeatBackground.cs
  artifactKey: Guid(14fa5391bb2d7fa4c94f9599d1579023) Importer(815301076,1909f56bfc062723c751e8b465ee728b)
Start importing Assets/Scripts/RepeatBackground.cs using Guid(14fa5391bb2d7fa4c94f9599d1579023) Importer(815301076,1909f56bfc062723c751e8b465ee728b)  -> (artifact id: 'f62edac226881c855f14e304d08fa115') in 0.002352 seconds
  Import took 0.004653 seconds .

========================================================================
Received Prepare
Registering precompiled user dll's ...
Registered in 0.003220 seconds.
Begin MonoManager ReloadAssembly
Native extension for WindowsStandalone target not found
Refreshing native plugins compatible for Editor in 0.38 ms, found 2 plugins.
Preloading 0 native plugins for Editor in 0.00 ms.
Mono: successfully reloaded assembly
- Completed reload, in  0.796 seconds
Platform modules already initialized, skipping
Refreshing native plugins compatible for Editor in 0.41 ms, found 2 plugins.
Preloading 0 native plugins for Editor in 0.00 ms.
Unloading 1384 Unused Serialized files (Serialized files now loaded: 0)
System memory in use before: 67.5 MB.
System memory in use after: 67.6 MB.

Unloading 13 unused Assets to reduce memory usage. Loaded Objects now: 1865.
Total: 1.892400 ms (FindLiveObjects: 0.156100 ms CreateObjectMapping: 0.033300 ms MarkObjects: 1.686000 ms  DeleteObjects: 0.016000 ms)

========================================================================
Received Import Request.
  Time since last request: 18.998301 seconds.
  path: Assets/Scripts/RepeatBackground.cs
  artifactKey: Guid(14fa5391bb2d7fa4c94f9599d1579023) Importer(815301076,1909f56bfc062723c751e8b465ee728b)
Start importing Assets/Scripts/RepeatBackground.cs using Guid(14fa5391bb2d7fa4c94f9599d1579023) Importer(815301076,1909f56bfc062723c751e8b465ee728b)  -> (artifact id: '94edf99af7dc5791b316b9efd4315712') in 0.005202 seconds
  Import took 0.053326 seconds .

========================================================================
Received Import Request.
  Time since last request: 1.157970 seconds.
  path: Assets/Scripts/RepeatBackground.cs
  artifactKey: Guid(14fa5391bb2d7fa4c94f9599d1579023) Importer(815301076,1909f56bfc062723c751e8b465ee728b)
Start importing Assets/Scripts/RepeatBackground.cs using Guid(14fa5391bb2d7fa4c94f9599d1579023) Importer(815301076,1909f56bfc062723c751e8b465ee728b)  -> (artifact id: '94edf99af7dc5791b316b9efd4315712') in 0.002260 seconds
  Import took 0.004425 seconds .

========================================================================
Received Prepare
Registering precompiled user dll's ...
Registered in 0.003711 seconds.
Begin MonoManager ReloadAssembly
Native extension for WindowsStandalone target not found
Refreshing native plugins compatible for Editor in 0.45 ms, found 2 plugins.
Preloading 0 native plugins for Editor in 0.00 ms.
Mono: successfully reloaded assembly
- Completed reload, in  1.240 seconds
Platform modules already initialized, skipping
Refreshing native plugins compatible for Editor in 0.53 ms, found 2 plugins.
Preloading 0 native plugins for Editor in 0.00 ms.
Unloading 1384 Unused Serialized files (Serialized files now loaded: 0)
System memory in use before: 67.5 MB.
System memory in use after: 67.6 MB.

Unloading 13 unused Assets to reduce memory usage. Loaded Objects now: 1868.
Total: 3.578800 ms (FindLiveObjects: 0.316000 ms CreateObjectMapping: 0.055000 ms MarkObjects: 3.178700 ms  DeleteObjects: 0.026600 ms)

========================================================================
Received Prepare
Registering precompiled user dll's ...
Registered in 0.003210 seconds.
Begin MonoManager ReloadAssembly
Native extension for WindowsStandalone target not found
Refreshing native plugins compatible for Editor in 0.40 ms, found 2 plugins.
Preloading 0 native plugins for Editor in 0.00 ms.
Mono: successfully reloaded assembly
- Completed reload, in  0.794 seconds
Platform modules already initialized, skipping
Refreshing native plugins compatible for Editor in 0.37 ms, found 2 plugins.
Preloading 0 native plugins for Editor in 0.00 ms.
Unloading 1384 Unused Serialized files (Serialized files now loaded: 0)
System memory in use before: 67.5 MB.
System memory in use after: 67.7 MB.

Unloading 13 unused Assets to reduce memory usage. Loaded Objects now: 1871.
Total: 1.978900 ms (FindLiveObjects: 0.175400 ms CreateObjectMapping: 0.048000 ms MarkObjects: 1.734900 ms  DeleteObjects: 0.019000 ms)

========================================================================
Received Import Request.
  Time since last request: 636.838292 seconds.
  path: ProjectSettings/TagManager.asset
  artifactKey: Guid(00000000000000003000000000000000) Importer(815301076,1909f56bfc062723c751e8b465ee728b)
Start importing ProjectSettings/TagManager.asset using Guid(00000000000000003000000000000000) Importer(815301076,1909f56bfc062723c751e8b465ee728b)  -> (artifact id: 'ce6a35c3cddc746e7501c0bd0ed6d4ce') in 0.023548 seconds
  Import took 0.026855 seconds .

========================================================================
Received Import Request.
  Time since last request: 209.871000 seconds.
  path: Assets/Prefabs/Obstacle.prefab
  artifactKey: Guid(70acd5d3ad153f247bae00171578ea64) Importer(815301076,1909f56bfc062723c751e8b465ee728b)
Start importing Assets/Prefabs/Obstacle.prefab using Guid(70acd5d3ad153f247bae00171578ea64) Importer(815301076,1909f56bfc062723c751e8b465ee728b)  -> (artifact id: '2b7f20373eaea6954c78a7b0686f589a') in 0.088233 seconds
  Import took 0.091948 seconds .

========================================================================
Received Prepare
Registering precompiled user dll's ...
Registered in 0.007709 seconds.
Begin MonoManager ReloadAssembly
Native extension for WindowsStandalone target not found
Refreshing native plugins compatible for Editor in 0.41 ms, found 2 plugins.
Preloading 0 native plugins for Editor in 0.00 ms.
Mono: successfully reloaded assembly
- Completed reload, in  0.829 seconds
Platform modules already initialized, skipping
Refreshing native plugins compatible for Editor in 0.40 ms, found 2 plugins.
Preloading 0 native plugins for Editor in 0.00 ms.
Unloading 1384 Unused Serialized files (Serialized files now loaded: 0)
System memory in use before: 70.7 MB.
System memory in use after: 70.8 MB.

Unloading 14 unused Assets to reduce memory usage. Loaded Objects now: 1881.
Total: 2.485300 ms (FindLiveObjects: 0.241500 ms CreateObjectMapping: 0.045800 ms MarkObjects: 2.175800 ms  DeleteObjects: 0.020900 ms)

========================================================================
Received Prepare
Registering precompiled user dll's ...
Registered in 0.003846 seconds.
Begin MonoManager ReloadAssembly
Native extension for WindowsStandalone target not found
Refreshing native plugins compatible for Editor in 0.41 ms, found 2 plugins.
Preloading 0 native plugins for Editor in 0.00 ms.
Mono: successfully reloaded assembly
- Completed reload, in  0.996 seconds
Platform modules already initialized, skipping
Refreshing native plugins compatible for Editor in 0.64 ms, found 2 plugins.
Preloading 0 native plugins for Editor in 0.00 ms.
Unloading 1384 Unused Serialized files (Serialized files now loaded: 0)
System memory in use before: 70.7 MB.
System memory in use after: 70.8 MB.

Unloading 13 unused Assets to reduce memory usage. Loaded Objects now: 1884.
Total: 2.532600 ms (FindLiveObjects: 0.214100 ms CreateObjectMapping: 0.041000 ms MarkObjects: 2.250300 ms  DeleteObjects: 0.025700 ms)

========================================================================
Received Prepare
Registering precompiled user dll's ...
Registered in 0.003676 seconds.
Begin MonoManager ReloadAssembly
Native extension for WindowsStandalone target not found
Refreshing native plugins compatible for Editor in 0.44 ms, found 2 plugins.
Preloading 0 native plugins for Editor in 0.00 ms.
Mono: successfully reloaded assembly
- Completed reload, in  0.915 seconds
Platform modules already initialized, skipping
Refreshing native plugins compatible for Editor in 0.41 ms, found 2 plugins.
Preloading 0 native plugins for Editor in 0.00 ms.
Unloading 1384 Unused Serialized files (Serialized files now loaded: 0)
System memory in use before: 70.7 MB.
System memory in use after: 70.8 MB.

Unloading 13 unused Assets to reduce memory usage. Loaded Objects now: 1887.
Total: 2.004800 ms (FindLiveObjects: 0.165900 ms CreateObjectMapping: 0.036500 ms MarkObjects: 1.777800 ms  DeleteObjects: 0.023400 ms)

========================================================================
Received Prepare
Registering precompiled user dll's ...
Registered in 0.004224 seconds.
Begin MonoManager ReloadAssembly
Native extension for WindowsStandalone target not found
Refreshing native plugins compatible for Editor in 0.35 ms, found 2 plugins.
Preloading 0 native plugins for Editor in 0.00 ms.
Mono: successfully reloaded assembly
- Completed reload, in  0.737 seconds
Platform modules already initialized, skipping
Refreshing native plugins compatible for Editor in 0.45 ms, found 2 plugins.
Preloading 0 native plugins for Editor in 0.00 ms.
Unloading 1384 Unused Serialized files (Serialized files now loaded: 0)
System memory in use before: 70.7 MB.
System memory in use after: 70.8 MB.

Unloading 13 unused Assets to reduce memory usage. Loaded Objects now: 1890.
Total: 2.168000 ms (FindLiveObjects: 0.164800 ms CreateObjectMapping: 0.029500 ms MarkObjects: 1.954700 ms  DeleteObjects: 0.017800 ms)

========================================================================
Received Prepare
Registering precompiled user dll's ...
Registered in 0.003139 seconds.
Begin MonoManager ReloadAssembly
Native extension for WindowsStandalone target not found
Refreshing native plugins compatible for Editor in 0.38 ms, found 2 plugins.
Preloading 0 native plugins for Editor in 0.00 ms.
Mono: successfully reloaded assembly
- Completed reload, in  0.775 seconds
Platform modules already initialized, skipping
Refreshing native plugins compatible for Editor in 0.37 ms, found 2 plugins.
Preloading 0 native plugins for Editor in 0.00 ms.
Unloading 1384 Unused Serialized files (Serialized files now loaded: 0)
System memory in use before: 70.7 MB.
System memory in use after: 70.8 MB.

Unloading 13 unused Assets to reduce memory usage. Loaded Objects now: 1893.
Total: 1.775400 ms (FindLiveObjects: 0.148800 ms CreateObjectMapping: 0.032100 ms MarkObjects: 1.578400 ms  DeleteObjects: 0.015200 ms)

========================================================================
Received Prepare
Registering precompiled user dll's ...
Registered in 0.003809 seconds.
Begin MonoManager ReloadAssembly
Native extension for WindowsStandalone target not found
Refreshing native plugins compatible for Editor in 0.68 ms, found 2 plugins.
Preloading 0 native plugins for Editor in 0.00 ms.
Mono: successfully reloaded assembly
- Completed reload, in  1.231 seconds
Platform modules already initialized, skipping
Refreshing native plugins compatible for Editor in 0.48 ms, found 2 plugins.
Preloading 0 native plugins for Editor in 0.00 ms.
Unloading 1384 Unused Serialized files (Serialized files now loaded: 0)
System memory in use before: 70.7 MB.
System memory in use after: 70.8 MB.

Unloading 13 unused Assets to reduce memory usage. Loaded Objects now: 1896.
Total: 4.177500 ms (FindLiveObjects: 0.401300 ms CreateObjectMapping: 0.055000 ms MarkObjects: 3.657300 ms  DeleteObjects: 0.062000 ms)

========================================================================
Received Prepare
Registering precompiled user dll's ...
Registered in 0.002985 seconds.
Begin MonoManager ReloadAssembly
Native extension for WindowsStandalone target not found
Refreshing native plugins compatible for Editor in 0.36 ms, found 2 plugins.
Preloading 0 native plugins for Editor in 0.00 ms.
Mono: successfully reloaded assembly
- Completed reload, in  0.721 seconds
Platform modules already initialized, skipping
Refreshing native plugins compatible for Editor in 0.43 ms, found 2 plugins.
Preloading 0 native plugins for Editor in 0.00 ms.
Unloading 1384 Unused Serialized files (Serialized files now loaded: 0)
System memory in use before: 70.7 MB.
System memory in use after: 70.8 MB.

Unloading 13 unused Assets to reduce memory usage. Loaded Objects now: 1899.
Total: 1.904900 ms (FindLiveObjects: 0.161200 ms CreateObjectMapping: 0.034100 ms MarkObjects: 1.689000 ms  DeleteObjects: 0.019400 ms)

========================================================================
Received Prepare
Registering precompiled user dll's ...
Registered in 0.025471 seconds.
Begin MonoManager ReloadAssembly
Native extension for WindowsStandalone target not found
Refreshing native plugins compatible for Editor in 0.36 ms, found 2 plugins.
Preloading 0 native plugins for Editor in 0.00 ms.
Mono: successfully reloaded assembly
- Completed reload, in  0.710 seconds
Platform modules already initialized, skipping
Refreshing native plugins compatible for Editor in 0.57 ms, found 2 plugins.
Preloading 0 native plugins for Editor in 0.00 ms.
Unloading 1384 Unused Serialized files (Serialized files now loaded: 0)
System memory in use before: 70.7 MB.
System memory in use after: 70.8 MB.

Unloading 13 unused Assets to reduce memory usage. Loaded Objects now: 1902.
Total: 1.677400 ms (FindLiveObjects: 0.142500 ms CreateObjectMapping: 0.029100 ms MarkObjects: 1.489600 ms  DeleteObjects: 0.015200 ms)

========================================================================
Received Prepare
Registering precompiled user dll's ...
Registered in 0.003605 seconds.
Begin MonoManager ReloadAssembly
Native extension for WindowsStandalone target not found
Refreshing native plugins compatible for Editor in 0.46 ms, found 2 plugins.
Preloading 0 native plugins for Editor in 0.00 ms.
Mono: successfully reloaded assembly
- Completed reload, in  1.135 seconds
Platform modules already initialized, skipping
Refreshing native plugins compatible for Editor in 0.84 ms, found 2 plugins.
Preloading 0 native plugins for Editor in 0.00 ms.
Unloading 1384 Unused Serialized files (Serialized files now loaded: 0)
System memory in use before: 70.7 MB.
System memory in use after: 70.8 MB.

Unloading 13 unused Assets to reduce memory usage. Loaded Objects now: 1905.
Total: 4.390600 ms (FindLiveObjects: 0.411300 ms CreateObjectMapping: 0.090200 ms MarkObjects: 3.849300 ms  DeleteObjects: 0.038100 ms)

========================================================================
Received Import Request.
  Time since last request: 2037.398128 seconds.
  path: Assets/Course Library/_Source_Files/Misc/Mask_Body.mask
  artifactKey: Guid(4244c57bb194c0e48861fc59aaf8214d) Importer(815301076,1909f56bfc062723c751e8b465ee728b)
Start importing Assets/Course Library/_Source_Files/Misc/Mask_Body.mask using Guid(4244c57bb194c0e48861fc59aaf8214d) Importer(815301076,1909f56bfc062723c751e8b465ee728b)  -> (artifact id: '960082fc151ebb6e343e5e7433ca8ae2') in 0.017282 seconds
  Import took 0.020286 seconds .

========================================================================
Received Import Request.
  Time since last request: 0.000202 seconds.
  path: Assets/Course Library/_Source_Files/Misc/Mask_LowerBody.mask
  artifactKey: Guid(f34433e648b38134b89fe27b9e6955cc) Importer(815301076,1909f56bfc062723c751e8b465ee728b)
Start importing Assets/Course Library/_Source_Files/Misc/Mask_LowerBody.mask using Guid(f34433e648b38134b89fe27b9e6955cc) Importer(815301076,1909f56bfc062723c751e8b465ee728b)  -> (artifact id: '5f98fe8ffe248a74068f49c4936da231') in 0.009508 seconds
  Import took 0.012528 seconds .

========================================================================
Received Import Request.
  Time since last request: 0.000168 seconds.
  path: Assets/Course Library/_Source_Files/Misc/SM_Prop_Barrel_01.fbx
  artifactKey: Guid(0934a3eb8623484489b357f278941c88) Importer(815301076,1909f56bfc062723c751e8b465ee728b)
Start importing Assets/Course Library/_Source_Files/Misc/SM_Prop_Barrel_01.fbx using Guid(0934a3eb8623484489b357f278941c88) Importer(815301076,1909f56bfc062723c751e8b465ee728b)  -> (artifact id: '1274727b6d136cbe6f71d9ca40fb1de1') in 0.187697 seconds
  Import took 0.190446 seconds .

========================================================================
Received Import Request.
  Time since last request: 0.000219 seconds.
  path: Assets/Course Library/_Source_Files/Misc/Mask_Head.mask
  artifactKey: Guid(f4bf3f6dc42479e47b1fd0e457094fb7) Importer(815301076,1909f56bfc062723c751e8b465ee728b)
Start importing Assets/Course Library/_Source_Files/Misc/Mask_Head.mask using Guid(f4bf3f6dc42479e47b1fd0e457094fb7) Importer(815301076,1909f56bfc062723c751e8b465ee728b)  -> (artifact id: 'e114c3cee3deb64d671d34d95bb9b2d5') in 0.007447 seconds
  Import took 0.010183 seconds .

========================================================================
Received Import Request.
  Time since last request: 0.000198 seconds.
  path: Assets/Course Library/_Source_Files/Misc/Mask_Body.mask
  artifactKey: Guid(4244c57bb194c0e48861fc59aaf8214d) Importer(815301076,1909f56bfc062723c751e8b465ee728b)
Start importing Assets/Course Library/_Source_Files/Misc/Mask_Body.mask using Guid(4244c57bb194c0e48861fc59aaf8214d) Importer(815301076,1909f56bfc062723c751e8b465ee728b)  -> (artifact id: '960082fc151ebb6e343e5e7433ca8ae2') in 0.002611 seconds
  Import took 0.004429 seconds .

========================================================================
Received Import Request.
  Time since last request: 0.013131 seconds.
  path: Assets/Course Library/_Source_Files/Misc/SimpleCharacter.controller
  artifactKey: Guid(022cd8e9b1d113b41905bcb401343e62) Importer(815301076,1909f56bfc062723c751e8b465ee728b)
Start importing Assets/Course Library/_Source_Files/Misc/SimpleCharacter.controller using Guid(022cd8e9b1d113b41905bcb401343e62) Importer(815301076,1909f56bfc062723c751e8b465ee728b)  -> (artifact id: '12c467b9e5d908f9711a6745bcfe552f') in 0.030058 seconds
  Import took 0.034425 seconds .

========================================================================
Received Import Request.
  Time since last request: 417.005567 seconds.
  path: Assets/Course Library/_Source_Files/FBX/Animations_IK.fbx
  artifactKey: Guid(6e4b26fde7f77c046bed3bb532de26f1) Importer(815301076,1909f56bfc062723c751e8b465ee728b)
Start importing Assets/Course Library/_Source_Files/FBX/Animations_IK.fbx using Guid(6e4b26fde7f77c046bed3bb532de26f1) Importer(815301076,1909f56bfc062723c751e8b465ee728b)  -> (artifact id: '657b8bbfc556a92f71f29a31a3d63233') in 0.020744 seconds
  Import took 0.025002 seconds .

========================================================================
Received Import Request.
  Time since last request: 0.000157 seconds.
  path: Assets/Course Library/_Source_Files/FBX/Animations_Static.fbx
  artifactKey: Guid(7039333667ba45840b1411867278ee2e) Importer(815301076,1909f56bfc062723c751e8b465ee728b)
Start importing Assets/Course Library/_Source_Files/FBX/Animations_Static.fbx using Guid(7039333667ba45840b1411867278ee2e) Importer(815301076,1909f56bfc062723c751e8b465ee728b)  -> (artifact id: '2ed1f837f1a9b783cbeabf8af8cce755') in 0.008079 seconds
  Import took 0.011579 seconds .

========================================================================
Received Import Request.
  Time since last request: 0.000167 seconds.
  path: Assets/Course Library/_Source_Files/FBX/Prop_Barrier02.fbx
  artifactKey: Guid(78056cefff7010745ae502ceee2d13e2) Importer(815301076,1909f56bfc062723c751e8b465ee728b)
Start importing Assets/Course Library/_Source_Files/FBX/Prop_Barrier02.fbx using Guid(78056cefff7010745ae502ceee2d13e2) Importer(815301076,1909f56bfc062723c751e8b465ee728b)  -> (artifact id: '69848023ff2e10990e2a2cc5a1b9ff3a') in 0.019551 seconds
  Import took 0.021881 seconds .

========================================================================
Received Import Request.
  Time since last request: 0.000153 seconds.
  path: Assets/Course Library/_Source_Files/FBX/Prop_Barrier03.fbx
  artifactKey: Guid(947c86850380c7e49b600f53144ccc14) Importer(815301076,1909f56bfc062723c751e8b465ee728b)
Start importing Assets/Course Library/_Source_Files/FBX/Prop_Barrier03.fbx using Guid(947c86850380c7e49b600f53144ccc14) Importer(815301076,1909f56bfc062723c751e8b465ee728b)  -> (artifact id: 'f4468c2a2b25f15bac85f650abc689d4') in 0.013883 seconds
  Import took 0.015981 seconds .

========================================================================
Received Import Request.
  Time since last request: 0.000178 seconds.
  path: Assets/Course Library/_Source_Files/FBX/Animations_Static.fbx
  artifactKey: Guid(7039333667ba45840b1411867278ee2e) Importer(815301076,1909f56bfc062723c751e8b465ee728b)
Start importing Assets/Course Library/_Source_Files/FBX/Animations_Static.fbx using Guid(7039333667ba45840b1411867278ee2e) Importer(815301076,1909f56bfc062723c751e8b465ee728b)  -> (artifact id: '2ed1f837f1a9b783cbeabf8af8cce755') in 0.003917 seconds
  Import took 0.006204 seconds .

========================================================================
Received Import Request.
  Time since last request: 0.000143 seconds.
  path: Assets/Course Library/_Source_Files/FBX/Prop_Barrier01.fbx
  artifactKey: Guid(5bb9a811cdd73fa42975794b4c22350f) Importer(815301076,1909f56bfc062723c751e8b465ee728b)
Start importing Assets/Course Library/_Source_Files/FBX/Prop_Barrier01.fbx using Guid(5bb9a811cdd73fa42975794b4c22350f) Importer(815301076,1909f56bfc062723c751e8b465ee728b)  -> (artifact id: 'ed6edd672e4e6c16ea1da2c16cdecb07') in 0.019398 seconds
  Import took 0.021725 seconds .

========================================================================
Received Prepare
Registering precompiled user dll's ...
Registered in 0.003346 seconds.
Begin MonoManager ReloadAssembly
Native extension for WindowsStandalone target not found
Refreshing native plugins compatible for Editor in 0.38 ms, found 2 plugins.
Preloading 0 native plugins for Editor in 0.00 ms.
Mono: successfully reloaded assembly
- Completed reload, in  0.684 seconds
Platform modules already initialized, skipping
Refreshing native plugins compatible for Editor in 0.35 ms, found 2 plugins.
Preloading 0 native plugins for Editor in 0.00 ms.
Unloading 1384 Unused Serialized files (Serialized files now loaded: 0)
System memory in use before: 71.0 MB.
System memory in use after: 71.1 MB.

Unloading 14 unused Assets to reduce memory usage. Loaded Objects now: 1912.
Total: 1.720600 ms (FindLiveObjects: 0.140600 ms CreateObjectMapping: 0.028700 ms MarkObjects: 1.532700 ms  DeleteObjects: 0.017900 ms)

========================================================================
Received Prepare
Registering precompiled user dll's ...
Registered in 0.003060 seconds.
Begin MonoManager ReloadAssembly
Native extension for WindowsStandalone target not found
Refreshing native plugins compatible for Editor in 0.53 ms, found 2 plugins.
Preloading 0 native plugins for Editor in 0.00 ms.
Mono: successfully reloaded assembly
- Completed reload, in  0.702 seconds
Platform modules already initialized, skipping
Refreshing native plugins compatible for Editor in 0.35 ms, found 2 plugins.
Preloading 0 native plugins for Editor in 0.00 ms.
Unloading 1384 Unused Serialized files (Serialized files now loaded: 0)
System memory in use before: 71.0 MB.
System memory in use after: 71.1 MB.

Unloading 13 unused Assets to reduce memory usage. Loaded Objects now: 1915.
Total: 2.414900 ms (FindLiveObjects: 0.161100 ms CreateObjectMapping: 0.032700 ms MarkObjects: 2.204000 ms  DeleteObjects: 0.016100 ms)

========================================================================
Received Import Request.
  Time since last request: 368.008638 seconds.
  path: Assets/Scripts/SpawnManager.cs
  artifactKey: Guid(a72dbb5b2c751e94fb10866162e26554) Importer(815301076,1909f56bfc062723c751e8b465ee728b)
Start importing Assets/Scripts/SpawnManager.cs using Guid(a72dbb5b2c751e94fb10866162e26554) Importer(815301076,1909f56bfc062723c751e8b465ee728b)  -> (artifact id: '8cb3184cba0d07256a6b599f5c5c779d') in 0.008980 seconds
  Import took 0.011562 seconds .

========================================================================
Received Import Request.
  Time since last request: 2.567644 seconds.
  path: Assets/Scripts/PlayerController.cs
  artifactKey: Guid(70367a4c70200a147bcb08a779499ec3) Importer(815301076,1909f56bfc062723c751e8b465ee728b)
Start importing Assets/Scripts/PlayerController.cs using Guid(70367a4c70200a147bcb08a779499ec3) Importer(815301076,1909f56bfc062723c751e8b465ee728b)  -> (artifact id: '6936c4e50d656daf4b069a6191c2cb19') in 0.006540 seconds
  Import took 0.008900 seconds .

========================================================================
Received Import Request.
  Time since last request: 0.001342 seconds.
  path: Assets/Scripts/PlayerController.cs
  artifactKey: Guid(70367a4c70200a147bcb08a779499ec3) Importer(815301076,1909f56bfc062723c751e8b465ee728b)
Start importing Assets/Scripts/PlayerController.cs using Guid(70367a4c70200a147bcb08a779499ec3) Importer(815301076,1909f56bfc062723c751e8b465ee728b)  -> (artifact id: '6936c4e50d656daf4b069a6191c2cb19') in 0.002446 seconds
  Import took 0.005042 seconds .

========================================================================
Received Prepare
Registering precompiled user dll's ...
Registered in 0.003003 seconds.
Begin MonoManager ReloadAssembly
Native extension for WindowsStandalone target not found
Refreshing native plugins compatible for Editor in 0.37 ms, found 2 plugins.
Preloading 0 native plugins for Editor in 0.00 ms.
Mono: successfully reloaded assembly
- Completed reload, in  0.713 seconds
Platform modules already initialized, skipping
Refreshing native plugins compatible for Editor in 0.34 ms, found 2 plugins.
Preloading 0 native plugins for Editor in 0.00 ms.
Unloading 1384 Unused Serialized files (Serialized files now loaded: 0)
System memory in use before: 71.0 MB.
System memory in use after: 71.1 MB.

Unloading 13 unused Assets to reduce memory usage. Loaded Objects now: 1918.
Total: 1.686000 ms (FindLiveObjects: 0.151900 ms CreateObjectMapping: 0.033300 ms MarkObjects: 1.485100 ms  DeleteObjects: 0.014400 ms)

========================================================================
Received Import Request.
  Time since last request: 141.376995 seconds.
  path: Assets/Scripts/PlayerController.cs
  artifactKey: Guid(70367a4c70200a147bcb08a779499ec3) Importer(815301076,1909f56bfc062723c751e8b465ee728b)
Start importing Assets/Scripts/PlayerController.cs using Guid(70367a4c70200a147bcb08a779499ec3) Importer(815301076,1909f56bfc062723c751e8b465ee728b)  -> (artifact id: 'b72128f6b2ab3414246599c6fa4c076a') in 0.004618 seconds
  Import took 0.045291 seconds .

========================================================================
Received Prepare
Registering precompiled user dll's ...
Registered in 0.003423 seconds.
Begin MonoManager ReloadAssembly
Native extension for WindowsStandalone target not found
Refreshing native plugins compatible for Editor in 0.37 ms, found 2 plugins.
Preloading 0 native plugins for Editor in 0.00 ms.
Mono: successfully reloaded assembly
- Completed reload, in  0.665 seconds
Platform modules already initialized, skipping
Refreshing native plugins compatible for Editor in 0.33 ms, found 2 plugins.
Preloading 0 native plugins for Editor in 0.00 ms.
Unloading 1384 Unused Serialized files (Serialized files now loaded: 0)
System memory in use before: 71.0 MB.
System memory in use after: 71.1 MB.

Unloading 13 unused Assets to reduce memory usage. Loaded Objects now: 1921.
Total: 2.039300 ms (FindLiveObjects: 0.155600 ms CreateObjectMapping: 0.034300 ms MarkObjects: 1.828200 ms  DeleteObjects: 0.020300 ms)

========================================================================
Received Prepare
Registering precompiled user dll's ...
Registered in 0.003114 seconds.
Begin MonoManager ReloadAssembly
Native extension for WindowsStandalone target not found
Refreshing native plugins compatible for Editor in 0.43 ms, found 2 plugins.
Preloading 0 native plugins for Editor in 0.00 ms.
Mono: successfully reloaded assembly
- Completed reload, in  1.020 seconds
Platform modules already initialized, skipping
Refreshing native plugins compatible for Editor in 0.74 ms, found 2 plugins.
Preloading 0 native plugins for Editor in 0.00 ms.
Unloading 1384 Unused Serialized files (Serialized files now loaded: 0)
System memory in use before: 71.0 MB.
System memory in use after: 71.1 MB.

Unloading 13 unused Assets to reduce memory usage. Loaded Objects now: 1924.
Total: 3.471200 ms (FindLiveObjects: 0.233000 ms CreateObjectMapping: 0.052400 ms MarkObjects: 3.151300 ms  DeleteObjects: 0.033200 ms)

========================================================================
Received Prepare
Registering precompiled user dll's ...
Registered in 0.003266 seconds.
Begin MonoManager ReloadAssembly
Native extension for WindowsStandalone target not found
Refreshing native plugins compatible for Editor in 0.37 ms, found 2 plugins.
Preloading 0 native plugins for Editor in 0.00 ms.
Mono: successfully reloaded assembly
- Completed reload, in  0.695 seconds
Platform modules already initialized, skipping
Refreshing native plugins compatible for Editor in 0.36 ms, found 2 plugins.
Preloading 0 native plugins for Editor in 0.00 ms.
Unloading 1384 Unused Serialized files (Serialized files now loaded: 0)
System memory in use before: 71.0 MB.
System memory in use after: 71.1 MB.

Unloading 13 unused Assets to reduce memory usage. Loaded Objects now: 1927.
Total: 1.671300 ms (FindLiveObjects: 0.136600 ms CreateObjectMapping: 0.031000 ms MarkObjects: 1.488500 ms  DeleteObjects: 0.014300 ms)

========================================================================
Received Prepare
Registering precompiled user dll's ...
Registered in 0.002890 seconds.
Begin MonoManager ReloadAssembly
Native extension for WindowsStandalone target not found
Refreshing native plugins compatible for Editor in 0.74 ms, found 2 plugins.
Preloading 0 native plugins for Editor in 0.00 ms.
Mono: successfully reloaded assembly
- Completed reload, in  0.948 seconds
Platform modules already initialized, skipping
Refreshing native plugins compatible for Editor in 0.71 ms, found 2 plugins.
Preloading 0 native plugins for Editor in 0.00 ms.
Unloading 1384 Unused Serialized files (Serialized files now loaded: 0)
System memory in use before: 71.0 MB.
System memory in use after: 71.1 MB.

Unloading 13 unused Assets to reduce memory usage. Loaded Objects now: 1930.
Total: 3.630900 ms (FindLiveObjects: 0.189600 ms CreateObjectMapping: 0.055900 ms MarkObjects: 3.363900 ms  DeleteObjects: 0.020300 ms)

========================================================================
Received Prepare
Registering precompiled user dll's ...
Registered in 0.003359 seconds.
Begin MonoManager ReloadAssembly
Native extension for WindowsStandalone target not found
Refreshing native plugins compatible for Editor in 0.36 ms, found 2 plugins.
Preloading 0 native plugins for Editor in 0.00 ms.
Mono: successfully reloaded assembly
- Completed reload, in  0.672 seconds
Platform modules already initialized, skipping
Refreshing native plugins compatible for Editor in 0.37 ms, found 2 plugins.
Preloading 0 native plugins for Editor in 0.00 ms.
Unloading 1384 Unused Serialized files (Serialized files now loaded: 0)
System memory in use before: 71.0 MB.
System memory in use after: 71.1 MB.

Unloading 13 unused Assets to reduce memory usage. Loaded Objects now: 1933.
Total: 2.067900 ms (FindLiveObjects: 0.163300 ms CreateObjectMapping: 0.039200 ms MarkObjects: 1.820700 ms  DeleteObjects: 0.043600 ms)

========================================================================
Received Prepare
Registering precompiled user dll's ...
Registered in 0.003044 seconds.
Begin MonoManager ReloadAssembly
Native extension for WindowsStandalone target not found
Refreshing native plugins compatible for Editor in 0.43 ms, found 2 plugins.
Preloading 0 native plugins for Editor in 0.00 ms.
Mono: successfully reloaded assembly
- Completed reload, in  0.687 seconds
Platform modules already initialized, skipping
Refreshing native plugins compatible for Editor in 0.34 ms, found 2 plugins.
Preloading 0 native plugins for Editor in 0.00 ms.
Unloading 1384 Unused Serialized files (Serialized files now loaded: 0)
System memory in use before: 71.0 MB.
System memory in use after: 71.1 MB.

Unloading 13 unused Assets to reduce memory usage. Loaded Objects now: 1936.
Total: 1.701000 ms (FindLiveObjects: 0.128300 ms CreateObjectMapping: 0.028500 ms MarkObjects: 1.530600 ms  DeleteObjects: 0.012700 ms)

========================================================================
Received Prepare
Registering precompiled user dll's ...
Registered in 0.003123 seconds.
Begin MonoManager ReloadAssembly
Native extension for WindowsStandalone target not found
Refreshing native plugins compatible for Editor in 0.37 ms, found 2 plugins.
Preloading 0 native plugins for Editor in 0.00 ms.
Mono: successfully reloaded assembly
- Completed reload, in  0.674 seconds
Platform modules already initialized, skipping
Refreshing native plugins compatible for Editor in 0.36 ms, found 2 plugins.
Preloading 0 native plugins for Editor in 0.00 ms.
Unloading 1384 Unused Serialized files (Serialized files now loaded: 0)
System memory in use before: 71.0 MB.
System memory in use after: 71.1 MB.

Unloading 13 unused Assets to reduce memory usage. Loaded Objects now: 1939.
Total: 1.791400 ms (FindLiveObjects: 0.133400 ms CreateObjectMapping: 0.028500 ms MarkObjects: 1.613800 ms  DeleteObjects: 0.014600 ms)

========================================================================
Received Prepare
Registering precompiled user dll's ...
Registered in 0.002797 seconds.
Begin MonoManager ReloadAssembly
Native extension for WindowsStandalone target not found
Refreshing native plugins compatible for Editor in 0.36 ms, found 2 plugins.
Preloading 0 native plugins for Editor in 0.00 ms.
Mono: successfully reloaded assembly
- Completed reload, in  0.691 seconds
Platform modules already initialized, skipping
Refreshing native plugins compatible for Editor in 0.43 ms, found 2 plugins.
Preloading 0 native plugins for Editor in 0.00 ms.
Unloading 1384 Unused Serialized files (Serialized files now loaded: 0)
System memory in use before: 71.0 MB.
System memory in use after: 71.1 MB.

Unloading 13 unused Assets to reduce memory usage. Loaded Objects now: 1942.
Total: 1.675400 ms (FindLiveObjects: 0.152900 ms CreateObjectMapping: 0.033600 ms MarkObjects: 1.474200 ms  DeleteObjects: 0.013800 ms)

