Using pre-set license
Built from '2020.3/china_unity/release' branch; Version is '2020.3.11f1c1 (77449f27ef9b) revision 7816351'; Using compiler version '192528614'; Build Type 'Release'
OS: 'Windows 10 Pro; OS build 19042.1237; Version 2009; 64bit' Language: 'zh' Physical Memory: 16300 MB
BatchMode: 1, IsHumanControllingUs: 0, StartBugReporterOnCrash: 0, Is64bit: 1, IsPro: 0

 COMMAND LINE ARGUMENTS:
C:\Program Files\Unity\Hub\Editor\2020.3.11f1c1\Editor\Unity.exe
-adb2
-batchMode
-noUpm
-name
AssetImportWorker0
-projectPath
C:/Users/Ce Cao/Desktop/Work/Unity/p4
-logFile
Logs/AssetImportWorker0.log
-srvPort
62522
Successfully changed project path to: C:/Users/Ce Cao/Desktop/Work/Unity/p4
C:/Users/Ce Cao/Desktop/Work/Unity/p4
Using Asset Import Pipeline V2.
Refreshing native plugins compatible for Editor in 36.14 ms, found 2 plugins.
Preloading 0 native plugins for Editor in 0.00 ms.
Initialize engine version: 2020.3.11f1c1 (77449f27ef9b)
[Subsystems] Discovering subsystems at path C:/Program Files/Unity/Hub/Editor/2020.3.11f1c1/Editor/Data/Resources/UnitySubsystems
[Subsystems] Discovering subsystems at path C:/Users/Ce Cao/Desktop/Work/Unity/p4/Assets
GfxDevice: creating device client; threaded=0
Direct3D:
    Version:  Direct3D 11.0 [level 11.1]
    Renderer: NVIDIA GeForce RTX 3070 (ID=0x2484)
    Vendor:   
    VRAM:     8043 MB
    Driver:   30.0.14.7212
Initialize mono
Mono path[0] = 'C:/Program Files/Unity/Hub/Editor/2020.3.11f1c1/Editor/Data/Managed'
Mono path[1] = 'C:/Program Files/Unity/Hub/Editor/2020.3.11f1c1/Editor/Data/MonoBleedingEdge/lib/mono/unityjit'
Mono config path = 'C:/Program Files/Unity/Hub/Editor/2020.3.11f1c1/Editor/Data/MonoBleedingEdge/etc'
Using monoOptions --debugger-agent=transport=dt_socket,embedding=1,server=y,suspend=n,address=127.0.0.1:56004
Begin MonoManager ReloadAssembly
Registering precompiled unity dll's ...
Register platform support module: C:/Program Files/Unity/Hub/Editor/2020.3.11f1c1/Editor/Data/PlaybackEngines/WindowsStandaloneSupport/UnityEditor.WindowsStandalone.Extensions.dll
Registered in 0.002378 seconds.
Native extension for WindowsStandalone target not found
Refreshing native plugins compatible for Editor in 30.00 ms, found 2 plugins.
Preloading 0 native plugins for Editor in 0.00 ms.
Mono: successfully reloaded assembly
- Completed reload, in  1.626 seconds
Platform modules already initialized, skipping
Registering precompiled user dll's ...
Registered in 0.010892 seconds.
Begin MonoManager ReloadAssembly
Native extension for WindowsStandalone target not found
Refreshing native plugins compatible for Editor in 0.53 ms, found 2 plugins.
Preloading 0 native plugins for Editor in 0.00 ms.
Mono: successfully reloaded assembly
- Completed reload, in  0.750 seconds
Platform modules already initialized, skipping
========================================================================
Worker process is ready to serve import requests
Launched and connected shader compiler UnityShaderCompiler.exe after 0.05 seconds
Refreshing native plugins compatible for Editor in 0.54 ms, found 2 plugins.
Preloading 0 native plugins for Editor in 0.00 ms.
Unloading 1932 Unused Serialized files (Serialized files now loaded: 0)
System memory in use before: 82.6 MB.
System memory in use after: 82.7 MB.

Unloading 58 unused Assets to reduce memory usage. Loaded Objects now: 2339.
Total: 4.233300 ms (FindLiveObjects: 0.156200 ms CreateObjectMapping: 0.050900 ms MarkObjects: 3.962600 ms  DeleteObjects: 0.062700 ms)

========================================================================
Received Import Request.
  path: Assets/Phisics Materials
  artifactKey: Guid(a2474689e52c75841840430ea7ccf70c) Importer(815301076,1909f56bfc062723c751e8b465ee728b)
Start importing Assets/Phisics Materials using Guid(a2474689e52c75841840430ea7ccf70c) Importer(815301076,1909f56bfc062723c751e8b465ee728b)  -> (artifact id: '3701be0efe693090212608e53a64df02') in 0.004235 seconds
  Import took 0.006496 seconds .

========================================================================
Received Import Request.
  Time since last request: 236.878307 seconds.
  path: Assets/Phisics Materials/Bouncy.physicMaterial
  artifactKey: Guid(4fd2ccd0b6824e045aa08be17cfa68f1) Importer(815301076,1909f56bfc062723c751e8b465ee728b)
Start importing Assets/Phisics Materials/Bouncy.physicMaterial using Guid(4fd2ccd0b6824e045aa08be17cfa68f1) Importer(815301076,1909f56bfc062723c751e8b465ee728b)  -> (artifact id: '28fe12a2a8a7d7456120bf7b6462bf9c') in 0.023178 seconds
  Import took 0.025920 seconds .

========================================================================
Received Prepare
Registering precompiled user dll's ...
Registered in 0.003443 seconds.
Begin MonoManager ReloadAssembly
Native extension for WindowsStandalone target not found
Refreshing native plugins compatible for Editor in 0.56 ms, found 2 plugins.
Preloading 0 native plugins for Editor in 0.00 ms.
Mono: successfully reloaded assembly
- Completed reload, in  0.661 seconds
Platform modules already initialized, skipping
Refreshing native plugins compatible for Editor in 0.49 ms, found 2 plugins.
Preloading 0 native plugins for Editor in 0.00 ms.
Unloading 1926 Unused Serialized files (Serialized files now loaded: 0)
System memory in use before: 82.4 MB.
System memory in use after: 82.5 MB.

Unloading 49 unused Assets to reduce memory usage. Loaded Objects now: 2342.
Total: 3.971000 ms (FindLiveObjects: 0.184500 ms CreateObjectMapping: 0.058400 ms MarkObjects: 3.703200 ms  DeleteObjects: 0.023500 ms)

========================================================================
Received Import Request.
  Time since last request: 138.726881 seconds.
  path: Assets/Phisics Materials/Bouncy.physicMaterial
  artifactKey: Guid(4fd2ccd0b6824e045aa08be17cfa68f1) Importer(815301076,1909f56bfc062723c751e8b465ee728b)
Start importing Assets/Phisics Materials/Bouncy.physicMaterial using Guid(4fd2ccd0b6824e045aa08be17cfa68f1) Importer(815301076,1909f56bfc062723c751e8b465ee728b)  -> (artifact id: 'aad996694f4940e95a7545e5d55b310c') in 0.007728 seconds
  Import took 0.010157 seconds .

========================================================================
Received Prepare
Registering precompiled user dll's ...
Registered in 0.003052 seconds.
Begin MonoManager ReloadAssembly
Native extension for WindowsStandalone target not found
Refreshing native plugins compatible for Editor in 0.52 ms, found 2 plugins.
Preloading 0 native plugins for Editor in 0.00 ms.
Mono: successfully reloaded assembly
- Completed reload, in  0.652 seconds
Platform modules already initialized, skipping
Refreshing native plugins compatible for Editor in 0.56 ms, found 2 plugins.
Preloading 0 native plugins for Editor in 0.00 ms.
Unloading 1926 Unused Serialized files (Serialized files now loaded: 0)
System memory in use before: 82.5 MB.
System memory in use after: 82.6 MB.

Unloading 49 unused Assets to reduce memory usage. Loaded Objects now: 2345.
Total: 3.945200 ms (FindLiveObjects: 0.149300 ms CreateObjectMapping: 0.061000 ms MarkObjects: 3.714300 ms  DeleteObjects: 0.019800 ms)

========================================================================
Received Prepare
Registering precompiled user dll's ...
Registered in 0.003026 seconds.
Begin MonoManager ReloadAssembly
Native extension for WindowsStandalone target not found
Refreshing native plugins compatible for Editor in 0.53 ms, found 2 plugins.
Preloading 0 native plugins for Editor in 0.00 ms.
Mono: successfully reloaded assembly
- Completed reload, in  0.658 seconds
Platform modules already initialized, skipping
Refreshing native plugins compatible for Editor in 0.51 ms, found 2 plugins.
Preloading 0 native plugins for Editor in 0.00 ms.
Unloading 1926 Unused Serialized files (Serialized files now loaded: 0)
System memory in use before: 82.5 MB.
System memory in use after: 82.6 MB.

Unloading 49 unused Assets to reduce memory usage. Loaded Objects now: 2348.
Total: 4.004600 ms (FindLiveObjects: 0.187400 ms CreateObjectMapping: 0.039800 ms MarkObjects: 3.754600 ms  DeleteObjects: 0.021500 ms)

========================================================================
Received Import Request.
  Time since last request: 1702.759544 seconds.
  path: Assets/Scripts/ThirdPlayerMove.cs
  artifactKey: Guid(9ae95210f56d193478bd800dfe0f289e) Importer(815301076,1909f56bfc062723c751e8b465ee728b)
Start importing Assets/Scripts/ThirdPlayerMove.cs using Guid(9ae95210f56d193478bd800dfe0f289e) Importer(815301076,1909f56bfc062723c751e8b465ee728b)  -> (artifact id: 'e898a76d03c20cf95502b36529670c11') in 0.012486 seconds
  Import took 0.015494 seconds .

========================================================================
Received Prepare
Registering precompiled user dll's ...
Registered in 0.003470 seconds.
Begin MonoManager ReloadAssembly
Native extension for WindowsStandalone target not found
Refreshing native plugins compatible for Editor in 0.89 ms, found 2 plugins.
Preloading 0 native plugins for Editor in 0.00 ms.
Mono: successfully reloaded assembly
- Completed reload, in  0.829 seconds
Platform modules already initialized, skipping
Refreshing native plugins compatible for Editor in 0.50 ms, found 2 plugins.
Preloading 0 native plugins for Editor in 0.00 ms.
Unloading 1927 Unused Serialized files (Serialized files now loaded: 0)
System memory in use before: 82.5 MB.
System memory in use after: 82.7 MB.

Unloading 49 unused Assets to reduce memory usage. Loaded Objects now: 2352.
Total: 3.753100 ms (FindLiveObjects: 0.136500 ms CreateObjectMapping: 0.044400 ms MarkObjects: 3.551600 ms  DeleteObjects: 0.019700 ms)

========================================================================
Received Prepare
Registering precompiled user dll's ...
Registered in 0.003351 seconds.
Begin MonoManager ReloadAssembly
Native extension for WindowsStandalone target not found
Refreshing native plugins compatible for Editor in 0.53 ms, found 2 plugins.
Preloading 0 native plugins for Editor in 0.00 ms.
Mono: successfully reloaded assembly
- Completed reload, in  0.678 seconds
Platform modules already initialized, skipping
Refreshing native plugins compatible for Editor in 0.63 ms, found 2 plugins.
Preloading 0 native plugins for Editor in 0.00 ms.
Unloading 1927 Unused Serialized files (Serialized files now loaded: 0)
System memory in use before: 82.5 MB.
System memory in use after: 82.7 MB.

Unloading 49 unused Assets to reduce memory usage. Loaded Objects now: 2355.
Total: 4.020100 ms (FindLiveObjects: 0.170900 ms CreateObjectMapping: 0.064800 ms MarkObjects: 3.762400 ms  DeleteObjects: 0.021000 ms)

========================================================================
Received Import Request.
  Time since last request: 812.370917 seconds.
  path: Assets/Scripts/ThirdPlayerMove.cs
  artifactKey: Guid(9ae95210f56d193478bd800dfe0f289e) Importer(815301076,1909f56bfc062723c751e8b465ee728b)
Start importing Assets/Scripts/ThirdPlayerMove.cs using Guid(9ae95210f56d193478bd800dfe0f289e) Importer(815301076,1909f56bfc062723c751e8b465ee728b)  -> (artifact id: 'b78cbd0333e59f40b69fc0de6833ae44') in 0.003950 seconds
  Import took 0.006205 seconds .

========================================================================
Received Import Request.
  Time since last request: 36.433054 seconds.
  path: Assets/Course Library/_Source_Files/Materials/FX_Dust.mat
  artifactKey: Guid(cd97a4f0bfba00a46a4a29156f2a23bd) Importer(815301076,1909f56bfc062723c751e8b465ee728b)
Start importing Assets/Course Library/_Source_Files/Materials/FX_Dust.mat using Guid(cd97a4f0bfba00a46a4a29156f2a23bd) Importer(815301076,1909f56bfc062723c751e8b465ee728b)  -> (artifact id: 'a0852d104f6970b8e80714b45d8beb04') in 0.100027 seconds
  Import took 0.102587 seconds .

========================================================================
Received Import Request.
  Time since last request: 69.710145 seconds.
  path: Assets/Scripts/PlayerController.cs
  artifactKey: Guid(c6aefa52aa5e24e4597b0c4977e8ba8c) Importer(815301076,1909f56bfc062723c751e8b465ee728b)
Start importing Assets/Scripts/PlayerController.cs using Guid(c6aefa52aa5e24e4597b0c4977e8ba8c) Importer(815301076,1909f56bfc062723c751e8b465ee728b)  -> (artifact id: '1c27a29112bb543207ed468fed62f45d') in 0.001656 seconds
  Import took 0.004496 seconds .

========================================================================
Received Prepare
Registering precompiled user dll's ...
Registered in 0.003140 seconds.
Begin MonoManager ReloadAssembly
Native extension for WindowsStandalone target not found
Refreshing native plugins compatible for Editor in 0.53 ms, found 2 plugins.
Preloading 0 native plugins for Editor in 0.00 ms.
Mono: successfully reloaded assembly
- Completed reload, in  0.687 seconds
Platform modules already initialized, skipping
Refreshing native plugins compatible for Editor in 0.45 ms, found 2 plugins.
Preloading 0 native plugins for Editor in 0.00 ms.
Unloading 1926 Unused Serialized files (Serialized files now loaded: 0)
System memory in use before: 85.9 MB.
System memory in use after: 86.0 MB.

Unloading 50 unused Assets to reduce memory usage. Loaded Objects now: 2398.
Total: 3.839500 ms (FindLiveObjects: 0.122200 ms CreateObjectMapping: 0.044500 ms MarkObjects: 3.588900 ms  DeleteObjects: 0.083000 ms)

========================================================================
Received Prepare
Registering precompiled user dll's ...
Registered in 0.004410 seconds.
Begin MonoManager ReloadAssembly
Native extension for WindowsStandalone target not found
Refreshing native plugins compatible for Editor in 0.54 ms, found 2 plugins.
Preloading 0 native plugins for Editor in 0.00 ms.
Mono: successfully reloaded assembly
- Completed reload, in  0.674 seconds
Platform modules already initialized, skipping
Refreshing native plugins compatible for Editor in 0.44 ms, found 2 plugins.
Preloading 0 native plugins for Editor in 0.00 ms.
Unloading 1927 Unused Serialized files (Serialized files now loaded: 0)
System memory in use before: 85.9 MB.
System memory in use after: 86.0 MB.

Unloading 49 unused Assets to reduce memory usage. Loaded Objects now: 2401.
Total: 3.666600 ms (FindLiveObjects: 0.123000 ms CreateObjectMapping: 0.043500 ms MarkObjects: 3.482100 ms  DeleteObjects: 0.017100 ms)

========================================================================
Received Import Request.
  Time since last request: 44484.260582 seconds.
  path: Assets/Scripts/CameraControl.cs
  artifactKey: Guid(8a9d3f9be2564b14197055eea9d9814c) Importer(815301076,1909f56bfc062723c751e8b465ee728b)
Start importing Assets/Scripts/CameraControl.cs using Guid(8a9d3f9be2564b14197055eea9d9814c) Importer(815301076,1909f56bfc062723c751e8b465ee728b)  -> (artifact id: 'ed95d8bb15bb4fcfd75dd03e67d9e4a9') in 0.004377 seconds
  Import took 0.006840 seconds .

========================================================================
Received Prepare
Registering precompiled user dll's ...
Registered in 0.003418 seconds.
Begin MonoManager ReloadAssembly
Native extension for WindowsStandalone target not found
Refreshing native plugins compatible for Editor in 0.63 ms, found 2 plugins.
Preloading 0 native plugins for Editor in 0.00 ms.
Mono: successfully reloaded assembly
- Completed reload, in  0.688 seconds
Platform modules already initialized, skipping
Refreshing native plugins compatible for Editor in 0.52 ms, found 2 plugins.
Preloading 0 native plugins for Editor in 0.00 ms.
Unloading 1928 Unused Serialized files (Serialized files now loaded: 0)
System memory in use before: 85.9 MB.
System memory in use after: 86.0 MB.

Unloading 49 unused Assets to reduce memory usage. Loaded Objects now: 2405.
Total: 3.974000 ms (FindLiveObjects: 0.125900 ms CreateObjectMapping: 0.042900 ms MarkObjects: 3.787300 ms  DeleteObjects: 0.017100 ms)

========================================================================
Received Prepare
Registering precompiled user dll's ...
Registered in 0.006206 seconds.
Begin MonoManager ReloadAssembly
Native extension for WindowsStandalone target not found
Refreshing native plugins compatible for Editor in 0.57 ms, found 2 plugins.
Preloading 0 native plugins for Editor in 0.00 ms.
Mono: successfully reloaded assembly
- Completed reload, in  0.830 seconds
Platform modules already initialized, skipping
Refreshing native plugins compatible for Editor in 0.54 ms, found 2 plugins.
Preloading 0 native plugins for Editor in 0.00 ms.
Unloading 1928 Unused Serialized files (Serialized files now loaded: 0)
System memory in use before: 85.9 MB.
System memory in use after: 86.0 MB.

Unloading 49 unused Assets to reduce memory usage. Loaded Objects now: 2408.
Total: 4.446000 ms (FindLiveObjects: 0.256100 ms CreateObjectMapping: 0.040900 ms MarkObjects: 4.113600 ms  DeleteObjects: 0.034800 ms)

========================================================================
Received Import Request.
  Time since last request: 7685.865318 seconds.
  path: Assets/Scripts/CameraControl.cs
  artifactKey: Guid(8a9d3f9be2564b14197055eea9d9814c) Importer(815301076,1909f56bfc062723c751e8b465ee728b)
Start importing Assets/Scripts/CameraControl.cs using Guid(8a9d3f9be2564b14197055eea9d9814c) Importer(815301076,1909f56bfc062723c751e8b465ee728b)  -> (artifact id: '9aadc34fb5ae9cfd2d21cb30d4193464') in 0.004731 seconds
  Import took 0.006936 seconds .

========================================================================
Received Prepare
Registering precompiled user dll's ...
Registered in 0.003236 seconds.
Begin MonoManager ReloadAssembly
Native extension for WindowsStandalone target not found
Refreshing native plugins compatible for Editor in 0.54 ms, found 2 plugins.
Preloading 0 native plugins for Editor in 0.00 ms.
Mono: successfully reloaded assembly
- Completed reload, in  0.665 seconds
Platform modules already initialized, skipping
Refreshing native plugins compatible for Editor in 0.52 ms, found 2 plugins.
Preloading 0 native plugins for Editor in 0.00 ms.
Unloading 1928 Unused Serialized files (Serialized files now loaded: 0)
System memory in use before: 85.9 MB.
System memory in use after: 86.1 MB.

Unloading 49 unused Assets to reduce memory usage. Loaded Objects now: 2411.
Total: 3.837100 ms (FindLiveObjects: 0.134400 ms CreateObjectMapping: 0.036200 ms MarkObjects: 3.646800 ms  DeleteObjects: 0.019100 ms)

========================================================================
Received Prepare
Registering precompiled user dll's ...
Registered in 0.003696 seconds.
Begin MonoManager ReloadAssembly
Native extension for WindowsStandalone target not found
Refreshing native plugins compatible for Editor in 0.72 ms, found 2 plugins.
Preloading 0 native plugins for Editor in 0.00 ms.
Mono: successfully reloaded assembly
- Completed reload, in  0.923 seconds
Platform modules already initialized, skipping
Refreshing native plugins compatible for Editor in 0.68 ms, found 2 plugins.
Preloading 0 native plugins for Editor in 0.00 ms.
Unloading 1927 Unused Serialized files (Serialized files now loaded: 0)
System memory in use before: 85.9 MB.
System memory in use after: 86.0 MB.

Unloading 49 unused Assets to reduce memory usage. Loaded Objects now: 2414.
Total: 4.770000 ms (FindLiveObjects: 0.192200 ms CreateObjectMapping: 0.060700 ms MarkObjects: 4.489800 ms  DeleteObjects: 0.026000 ms)

========================================================================
Received Prepare
Registering precompiled user dll's ...
Registered in 0.006462 seconds.
Begin MonoManager ReloadAssembly
Native extension for WindowsStandalone target not found
Refreshing native plugins compatible for Editor in 0.62 ms, found 2 plugins.
Preloading 0 native plugins for Editor in 0.00 ms.
Mono: successfully reloaded assembly
- Completed reload, in  0.858 seconds
Platform modules already initialized, skipping
Refreshing native plugins compatible for Editor in 0.62 ms, found 2 plugins.
Preloading 0 native plugins for Editor in 0.00 ms.
Unloading 1926 Unused Serialized files (Serialized files now loaded: 0)
System memory in use before: 85.9 MB.
System memory in use after: 86.0 MB.

Unloading 49 unused Assets to reduce memory usage. Loaded Objects now: 2417.
Total: 4.463100 ms (FindLiveObjects: 0.172200 ms CreateObjectMapping: 0.038700 ms MarkObjects: 4.226300 ms  DeleteObjects: 0.025100 ms)

